                      :-) GROMACS - gmx mdrun, 2019.2 (-:

                            GROMACS is written by:
     Emile Apol      Rossen Apostolov      Paul Bauer     Herman J.C. Berendsen
    Par Bjelkmar      Christian Blau   Viacheslav Bolnykh     Kevin Boyd    
 Aldert van Buuren   Rudi van Drunen     Anton Feenstra       Alan Gray     
  Gerrit Groenhof     Anca Hamuraru    Vincent Hindriksen  M. Eric Irrgang  
  Aleksei Iupinov   Christoph Junghans     Joe Jordan     Dimitrios Karkoulis
    Peter Kasson        Jiri Kraus      Carsten Kutzner      Per Larsson    
  Justin A. Lemkul    Viveca Lindahl    Magnus Lundborg     Erik Marklund   
    Pascal Merz     Pieter Meulenhoff    Teemu Murtola       Szilard Pall   
    Sander Pronk      Roland Schulz      Michael Shirts    Alexey Shvetsov  
   Alfons Sijbers     Peter Tieleman      Jon Vincent      Teemu Virolainen 
 Christian Wennberg    Maarten Wolf   
                           and the project leaders:
        Mark Abraham, Berk Hess, Erik Lindahl, and David van der Spoel

Copyright (c) 1991-2000, University of Groningen, The Netherlands.
Copyright (c) 2001-2018, The GROMACS development team at
Uppsala University, Stockholm University and
the Royal Institute of Technology, Sweden.
check out http://www.gromacs.org for more information.

GROMACS is free software; you can redistribute it and/or modify it
under the terms of the GNU Lesser General Public License
as published by the Free Software Foundation; either version 2.1
of the License, or (at your option) any later version.

GROMACS:      gmx mdrun, version 2019.2
Executable:   /apps/spack/bell/apps/gromacs/2019.2-intel-17.0.1-wwmvogt/bin/gmx_mpi
Data prefix:  /apps/spack/bell/apps/gromacs/2019.2-intel-17.0.1-wwmvogt
Working dir:  /scratch/bell/gwijewar/inactive_mapk14_prf
Command line:
  gmx_mpi mdrun -deffnm md_0_10 -ntomp 64

Reading file md_0_10.tpr, VERSION 2019.2 (single precision)
Changing nstlist from 20 to 80, rlist from 1.222 to 1.319

Using 1 MPI process
Using 64 OpenMP threads 


Non-default thread affinity set probably by the OpenMP library,
disabling internal thread affinity

WARNING: This run will generate roughly 29547 Mb of data

starting mdrun 'Protein in water'
500000000 steps, 1000000.0 ps.
slurmstepd: error: *** JOB 2388435 ON bell-a207 CANCELLED AT 2021-04-19T18:35:50 ***
