                      :-) GROMACS - gmx mdrun, 2019.2 (-:

                            GROMACS is written by:
     Emile Apol      Rossen Apostolov      Paul Bauer     Herman J.C. Berendsen
    Par Bjelkmar      Christian Blau   Viacheslav Bolnykh     Kevin Boyd    
 Aldert van Buuren   Rudi van Drunen     Anton Feenstra       Alan Gray     
  Gerrit Groenhof     Anca Hamuraru    Vincent Hindriksen  M. Eric Irrgang  
  Aleksei Iupinov   Christoph Junghans     Joe Jordan     Dimitrios Karkoulis
    Peter Kasson        Jiri Kraus      Carsten Kutzner      Per Larsson    
  Justin A. Lemkul    Viveca Lindahl    Magnus Lundborg     Erik Marklund   
    Pascal Merz     Pieter Meulenhoff    Teemu Murtola       Szilard Pall   
    Sander Pronk      Roland Schulz      Michael Shirts    Alexey Shvetsov  
   Alfons Sijbers     Peter Tieleman      Jon Vincent      Teemu Virolainen 
 Christian Wennberg    Maarten Wolf   
                           and the project leaders:
        Mark Abraham, Berk Hess, Erik Lindahl, and David van der Spoel

Copyright (c) 1991-2000, University of Groningen, The Netherlands.
Copyright (c) 2001-2018, The GROMACS development team at
Uppsala University, Stockholm University and
the Royal Institute of Technology, Sweden.
check out http://www.gromacs.org for more information.

GROMACS is free software; you can redistribute it and/or modify it
under the terms of the GNU Lesser General Public License
as published by the Free Software Foundation; either version 2.1
of the License, or (at your option) any later version.

GROMACS:      gmx mdrun, version 2019.2
Executable:   /apps/spack/brown/apps/gromacs/2019.2-intel-17.0.1-x6aojsj/bin/gmx_mpi
Data prefix:  /apps/spack/brown/apps/gromacs/2019.2-intel-17.0.1-x6aojsj
Working dir:  /scratch/brown/gwijewar/3py3_active_simulation_with_2nd_prf
Process ID:   114344
Command line:
  gmx_mpi mdrun -v -deffnm npt

GROMACS version:    2019.2
Precision:          single
Memory model:       64 bit
MPI library:        MPI
OpenMP support:     enabled (GMX_OPENMP_MAX_THREADS = 64)
GPU support:        disabled
SIMD instructions:  AVX_512
FFT library:        fftw-3.3.7-sse2-avx-avx2-avx2_128
RDTSCP usage:       enabled
TNG support:        enabled
Hwloc support:      hwloc-1.11.8
Tracing support:    disabled
C compiler:         /apps/spack/brown/apps/intel-mpi/2017.1.132-intel-17.0.1-o4mm4ht/compilers_and_libraries_2017.1.132/linux/mpi/intel64/bin/mpiicc Intel 17.0.1.20161005
C compiler flags:    -xCORE-AVX512    -std=gnu99  -O2 -g -DNDEBUG -ip -funroll-all-loops -alias-const -ansi-alias -no-prec-div -fimf-domain-exclusion=14 -qoverride-limits  
C++ compiler:       /apps/spack/brown/apps/intel-mpi/2017.1.132-intel-17.0.1-o4mm4ht/compilers_and_libraries_2017.1.132/linux/mpi/intel64/bin/mpiicpc Intel 17.0.1.20161005
C++ compiler flags:  -xCORE-AVX512    -std=c++11   -O2 -g -DNDEBUG -ip -funroll-all-loops -alias-const -ansi-alias -no-prec-div -fimf-domain-exclusion=14 -qoverride-limits  


Running on 1 node with total 24 cores, 24 logical cores
Hardware detected on host brown-a036.rcac.purdue.edu (the node of MPI rank 0):
  CPU info:
    Vendor: Intel
    Brand:  Intel(R) Xeon(R) Gold 6126 CPU @ 2.60GHz
    Family: 6   Model: 85   Stepping: 4
    Features: aes apic avx avx2 avx512f avx512cd avx512bw avx512vl clfsh cmov cx8 cx16 f16c fma hle htt intel lahf mmx msr nonstop_tsc pcid pclmuldq pdcm pdpe1gb popcnt pse rdrnd rdtscp rtm sse2 sse3 sse4.1 sse4.2 ssse3 tdt x2apic
    Number of AVX-512 FMA units: 2
  Hardware topology: Only logical processor count


++++ PLEASE READ AND CITE THE FOLLOWING REFERENCE ++++
M. J. Abraham, T. Murtola, R. Schulz, S. Páll, J. C. Smith, B. Hess, E.
Lindahl
GROMACS: High performance molecular simulations through multi-level
parallelism from laptops to supercomputers
SoftwareX 1 (2015) pp. 19-25
-------- -------- --- Thank You --- -------- --------


++++ PLEASE READ AND CITE THE FOLLOWING REFERENCE ++++
S. Páll, M. J. Abraham, C. Kutzner, B. Hess, E. Lindahl
Tackling Exascale Software Challenges in Molecular Dynamics Simulations with
GROMACS
In S. Markidis & E. Laure (Eds.), Solving Software Challenges for Exascale 8759 (2015) pp. 3-27
-------- -------- --- Thank You --- -------- --------


++++ PLEASE READ AND CITE THE FOLLOWING REFERENCE ++++
S. Pronk, S. Páll, R. Schulz, P. Larsson, P. Bjelkmar, R. Apostolov, M. R.
Shirts, J. C. Smith, P. M. Kasson, D. van der Spoel, B. Hess, and E. Lindahl
GROMACS 4.5: a high-throughput and highly parallel open source molecular
simulation toolkit
Bioinformatics 29 (2013) pp. 845-54
-------- -------- --- Thank You --- -------- --------


++++ PLEASE READ AND CITE THE FOLLOWING REFERENCE ++++
B. Hess and C. Kutzner and D. van der Spoel and E. Lindahl
GROMACS 4: Algorithms for highly efficient, load-balanced, and scalable
molecular simulation
J. Chem. Theory Comput. 4 (2008) pp. 435-447
-------- -------- --- Thank You --- -------- --------


++++ PLEASE READ AND CITE THE FOLLOWING REFERENCE ++++
D. van der Spoel, E. Lindahl, B. Hess, G. Groenhof, A. E. Mark and H. J. C.
Berendsen
GROMACS: Fast, Flexible and Free
J. Comp. Chem. 26 (2005) pp. 1701-1719
-------- -------- --- Thank You --- -------- --------


++++ PLEASE READ AND CITE THE FOLLOWING REFERENCE ++++
E. Lindahl and B. Hess and D. van der Spoel
GROMACS 3.0: A package for molecular simulation and trajectory analysis
J. Mol. Mod. 7 (2001) pp. 306-317
-------- -------- --- Thank You --- -------- --------


++++ PLEASE READ AND CITE THE FOLLOWING REFERENCE ++++
H. J. C. Berendsen, D. van der Spoel and R. van Drunen
GROMACS: A message-passing parallel molecular dynamics implementation
Comp. Phys. Comm. 91 (1995) pp. 43-56
-------- -------- --- Thank You --- -------- --------


++++ PLEASE CITE THE DOI FOR THIS VERSION OF GROMACS ++++
https://doi.org/10.5281/zenodo.2636382
-------- -------- --- Thank You --- -------- --------

Input Parameters:
   integrator                     = md
   tinit                          = 0
   dt                             = 0.002
   nsteps                         = 50000
   init-step                      = 0
   simulation-part                = 1
   comm-mode                      = Linear
   nstcomm                        = 100
   bd-fric                        = 0
   ld-seed                        = -1427302008
   emtol                          = 10
   emstep                         = 0.01
   niter                          = 20
   fcstep                         = 0
   nstcgsteep                     = 1000
   nbfgscorr                      = 10
   rtpi                           = 0.05
   nstxout                        = 0
   nstvout                        = 0
   nstfout                        = 0
   nstlog                         = 500
   nstcalcenergy                  = 100
   nstenergy                      = 500
   nstxout-compressed             = 500
   compressed-x-precision         = 1000
   cutoff-scheme                  = Verlet
   nstlist                        = 20
   ns-type                        = Grid
   pbc                            = xyz
   periodic-molecules             = false
   verlet-buffer-tolerance        = 0.005
   rlist                          = 1.221
   coulombtype                    = PME
   coulomb-modifier               = Potential-shift
   rcoulomb-switch                = 0
   rcoulomb                       = 1.2
   epsilon-r                      = 1
   epsilon-rf                     = inf
   vdw-type                       = Cut-off
   vdw-modifier                   = Force-switch
   rvdw-switch                    = 1
   rvdw                           = 1.2
   DispCorr                       = No
   table-extension                = 1
   fourierspacing                 = 0.16
   fourier-nx                     = 64
   fourier-ny                     = 64
   fourier-nz                     = 64
   pme-order                      = 4
   ewald-rtol                     = 1e-05
   ewald-rtol-lj                  = 0.001
   lj-pme-comb-rule               = Geometric
   ewald-geometry                 = 0
   epsilon-surface                = 0
   tcoupl                         = V-rescale
   nsttcouple                     = 20
   nh-chain-length                = 0
   print-nose-hoover-chain-variables = false
   pcoupl                         = Berendsen
   pcoupltype                     = Isotropic
   nstpcouple                     = 20
   tau-p                          = 2
   compressibility (3x3):
      compressibility[    0]={ 4.50000e-05,  0.00000e+00,  0.00000e+00}
      compressibility[    1]={ 0.00000e+00,  4.50000e-05,  0.00000e+00}
      compressibility[    2]={ 0.00000e+00,  0.00000e+00,  4.50000e-05}
   ref-p (3x3):
      ref-p[    0]={ 1.00000e+00,  0.00000e+00,  0.00000e+00}
      ref-p[    1]={ 0.00000e+00,  1.00000e+00,  0.00000e+00}
      ref-p[    2]={ 0.00000e+00,  0.00000e+00,  1.00000e+00}
   refcoord-scaling               = COM
   posres-com (3):
      posres-com[0]= 6.21921e-01
      posres-com[1]= 6.40698e-01
      posres-com[2]= 3.28946e-01
   posres-comB (3):
      posres-comB[0]= 6.21921e-01
      posres-comB[1]= 6.40698e-01
      posres-comB[2]= 3.28946e-01
   QMMM                           = false
   QMconstraints                  = 0
   QMMMscheme                     = 0
   MMChargeScaleFactor            = 1
qm-opts:
   ngQM                           = 0
   constraint-algorithm           = Lincs
   continuation                   = true
   Shake-SOR                      = false
   shake-tol                      = 0.0001
   lincs-order                    = 4
   lincs-iter                     = 1
   lincs-warnangle                = 30
   nwall                          = 0
   wall-type                      = 9-3
   wall-r-linpot                  = -1
   wall-atomtype[0]               = -1
   wall-atomtype[1]               = -1
   wall-density[0]                = 0
   wall-density[1]                = 0
   wall-ewald-zfac                = 3
   pull                           = false
   awh                            = false
   rotation                       = false
   interactiveMD                  = false
   disre                          = No
   disre-weighting                = Conservative
   disre-mixed                    = false
   dr-fc                          = 1000
   dr-tau                         = 0
   nstdisreout                    = 100
   orire-fc                       = 0
   orire-tau                      = 0
   nstorireout                    = 100
   free-energy                    = no
   cos-acceleration               = 0
   deform (3x3):
      deform[    0]={ 0.00000e+00,  0.00000e+00,  0.00000e+00}
      deform[    1]={ 0.00000e+00,  0.00000e+00,  0.00000e+00}
      deform[    2]={ 0.00000e+00,  0.00000e+00,  0.00000e+00}
   simulated-tempering            = false
   swapcoords                     = no
   userint1                       = 0
   userint2                       = 0
   userint3                       = 0
   userint4                       = 0
   userreal1                      = 0
   userreal2                      = 0
   userreal3                      = 0
   userreal4                      = 0
   applied-forces:
     electric-field:
       x:
         E0                       = 0
         omega                    = 0
         t0                       = 0
         sigma                    = 0
       y:
         E0                       = 0
         omega                    = 0
         t0                       = 0
         sigma                    = 0
       z:
         E0                       = 0
         omega                    = 0
         t0                       = 0
         sigma                    = 0
grpopts:
   nrdf:     14315.7      120252
   ref-t:         300         300
   tau-t:         0.1         0.1
annealing:          No          No
annealing-npoints:           0           0
   acc:	           0           0           0
   nfreeze:           N           N           N
   energygrp-flags[  0]: 0

Changing nstlist from 20 to 80, rlist from 1.221 to 1.317

Using 1 MPI process
Using 24 OpenMP threads 


Non-default thread affinity set probably by the OpenMP library,
disabling internal thread affinity
System total charge: 0.000
Will do PME sum in reciprocal space for electrostatic interactions.

++++ PLEASE READ AND CITE THE FOLLOWING REFERENCE ++++
U. Essmann, L. Perera, M. L. Berkowitz, T. Darden, H. Lee and L. G. Pedersen 
A smooth particle mesh Ewald method
J. Chem. Phys. 103 (1995) pp. 8577-8592
-------- -------- --- Thank You --- -------- --------

Using a Gaussian width (1/beta) of 0.384195 nm for Ewald
Potential shift: LJ r^-12: -2.648e-01 r^-6: -5.349e-01, Ewald -8.333e-06
Initialized non-bonded Ewald correction tables, spacing: 1.02e-03 size: 1176

Generated table with 1158 data points for 1-4 COUL.
Tabscale = 500 points/nm
Generated table with 1158 data points for 1-4 LJ6.
Tabscale = 500 points/nm
Generated table with 1158 data points for 1-4 LJ12.
Tabscale = 500 points/nm

Using SIMD 4x8 nonbonded short-range kernels

Using a dual 4x8 pair-list setup updated with dynamic pruning:
  outer list: updated every 80 steps, buffer 0.117 nm, rlist 1.317 nm
  inner list: updated every 13 steps, buffer 0.001 nm, rlist 1.201 nm
At tolerance 0.005 kJ/mol/ps per atom, equivalent classical 1x1 list would be:
  outer list: updated every 80 steps, buffer 0.262 nm, rlist 1.462 nm
  inner list: updated every 13 steps, buffer 0.051 nm, rlist 1.251 nm


Initializing LINear Constraint Solver

++++ PLEASE READ AND CITE THE FOLLOWING REFERENCE ++++
B. Hess and H. Bekker and H. J. C. Berendsen and J. G. E. M. Fraaije
LINCS: A Linear Constraint Solver for molecular simulations
J. Comp. Chem. 18 (1997) pp. 1463-1472
-------- -------- --- Thank You --- -------- --------

The number of constraints is 2850

++++ PLEASE READ AND CITE THE FOLLOWING REFERENCE ++++
S. Miyamoto and P. A. Kollman
SETTLE: An Analytical Version of the SHAKE and RATTLE Algorithms for Rigid
Water Models
J. Comp. Chem. 13 (1992) pp. 952-962
-------- -------- --- Thank You --- -------- --------

Center of mass motion removal mode is Linear
We have the following groups for center of mass motion removal:
  0:  rest

++++ PLEASE READ AND CITE THE FOLLOWING REFERENCE ++++
G. Bussi, D. Donadio and M. Parrinello
Canonical sampling through velocity rescaling
J. Chem. Phys. 126 (2007) pp. 014101
-------- -------- --- Thank You --- -------- --------

There are: 65845 Atoms

Started mdrun on rank 0 Tue Mar 16 13:13:17 2021

           Step           Time
              0        0.00000

   Energies (kJ/mol)
           Bond            U-B    Proper Dih.  Improper Dih.      CMAP Dih.
    4.65688e+03    1.33148e+04    1.51723e+04    7.78828e+02   -3.84915e+02
          LJ-14     Coulomb-14        LJ (SR)   Coulomb (SR)   Coul. recip.
    4.39240e+03    5.61072e+04    7.74092e+04   -1.02338e+06    3.15961e+03
 Position Rest.      Potential    Kinetic En.   Total Energy  Conserved En.
    1.16440e-03   -8.48769e+05    1.69039e+05   -6.79729e+05   -6.79677e+05
    Temperature Pressure (bar)   Constr. rmsd
    3.02163e+02   -4.44224e+02    3.61323e-06

           Step           Time
            500        1.00000

   Energies (kJ/mol)
           Bond            U-B    Proper Dih.  Improper Dih.      CMAP Dih.
    5.06474e+03    1.34877e+04    1.50932e+04    8.14350e+02   -4.14523e+02
          LJ-14     Coulomb-14        LJ (SR)   Coulomb (SR)   Coul. recip.
    4.39665e+03    5.56896e+04    7.83267e+04   -1.02668e+06    3.15021e+03
 Position Rest.      Potential    Kinetic En.   Total Energy  Conserved En.
    4.67588e+00   -8.51063e+05    1.68403e+05   -6.82660e+05   -6.79614e+05
    Temperature Pressure (bar)   Constr. rmsd
    3.01026e+02   -3.01069e+02    3.60324e-06

           Step           Time
           1000        2.00000

   Energies (kJ/mol)
           Bond            U-B    Proper Dih.  Improper Dih.      CMAP Dih.
    4.64764e+03    1.34455e+04    1.49995e+04    7.92646e+02   -4.52934e+02
          LJ-14     Coulomb-14        LJ (SR)   Coulomb (SR)   Coul. recip.
    4.45326e+03    5.62505e+04    7.82739e+04   -1.02712e+06    3.07525e+03
 Position Rest.      Potential    Kinetic En.   Total Energy  Conserved En.
    3.13980e+00   -8.51630e+05    1.68487e+05   -6.83144e+05   -6.79609e+05
    Temperature Pressure (bar)   Constr. rmsd
    3.01175e+02   -1.97833e+02    3.65224e-06

           Step           Time
           1500        3.00000

   Energies (kJ/mol)
           Bond            U-B    Proper Dih.  Improper Dih.      CMAP Dih.
    4.84524e+03    1.34308e+04    1.49389e+04    7.97029e+02   -3.99896e+02
          LJ-14     Coulomb-14        LJ (SR)   Coulomb (SR)   Coul. recip.
    4.39512e+03    5.60302e+04    7.90728e+04   -1.02753e+06    3.16184e+03
 Position Rest.      Potential    Kinetic En.   Total Energy  Conserved En.
    8.21575e+00   -8.51250e+05    1.67939e+05   -6.83311e+05   -6.79621e+05
    Temperature Pressure (bar)   Constr. rmsd
    3.00196e+02   -1.52563e+01    3.62102e-06

           Step           Time
           2000        4.00000

   Energies (kJ/mol)
           Bond            U-B    Proper Dih.  Improper Dih.      CMAP Dih.
    4.98566e+03    1.31905e+04    1.51204e+04    7.96013e+02   -4.36603e+02
          LJ-14     Coulomb-14        LJ (SR)   Coulomb (SR)   Coul. recip.
    4.39000e+03    5.61444e+04    7.79408e+04   -1.02782e+06    3.17077e+03
 Position Rest.      Potential    Kinetic En.   Total Energy  Conserved En.
    4.15196e+00   -8.52510e+05    1.69009e+05   -6.83501e+05   -6.79590e+05
    Temperature Pressure (bar)   Constr. rmsd
    3.02110e+02   -5.83798e+01    3.57310e-06

           Step           Time
           2500        5.00000

   Energies (kJ/mol)
           Bond            U-B    Proper Dih.  Improper Dih.      CMAP Dih.
    4.70294e+03    1.32938e+04    1.50230e+04    8.21610e+02   -4.42763e+02
          LJ-14     Coulomb-14        LJ (SR)   Coulomb (SR)   Coul. recip.
    4.44605e+03    5.64125e+04    7.86720e+04   -1.03066e+06    3.15877e+03
 Position Rest.      Potential    Kinetic En.   Total Energy  Conserved En.
    4.25891e+00   -8.54564e+05    1.67457e+05   -6.87107e+05   -6.79552e+05
    Temperature Pressure (bar)   Constr. rmsd
    2.99335e+02   -4.96712e+01    3.55926e-06

           Step           Time
           3000        6.00000

   Energies (kJ/mol)
           Bond            U-B    Proper Dih.  Improper Dih.      CMAP Dih.
    4.83473e+03    1.33904e+04    1.51041e+04    7.72861e+02   -4.32739e+02
          LJ-14     Coulomb-14        LJ (SR)   Coulomb (SR)   Coul. recip.
    4.27704e+03    5.59392e+04    7.75838e+04   -1.02923e+06    3.06102e+03
 Position Rest.      Potential    Kinetic En.   Total Energy  Conserved En.
    1.00487e+01   -8.54686e+05    1.68031e+05   -6.86655e+05   -6.79552e+05
    Temperature Pressure (bar)   Constr. rmsd
    3.00361e+02   -2.14283e+02    3.57994e-06

           Step           Time
           3500        7.00000

   Energies (kJ/mol)
           Bond            U-B    Proper Dih.  Improper Dih.      CMAP Dih.
    4.78547e+03    1.33094e+04    1.49789e+04    7.44069e+02   -3.89483e+02
          LJ-14     Coulomb-14        LJ (SR)   Coulomb (SR)   Coul. recip.
    4.36765e+03    5.61313e+04    7.91588e+04   -1.03130e+06    3.12375e+03
 Position Rest.      Potential    Kinetic En.   Total Energy  Conserved En.
    3.75708e+00   -8.55090e+05    1.68015e+05   -6.87075e+05   -6.79544e+05
    Temperature Pressure (bar)   Constr. rmsd
    3.00332e+02   -4.30595e+01    3.61552e-06

           Step           Time
           4000        8.00000

   Energies (kJ/mol)
           Bond            U-B    Proper Dih.  Improper Dih.      CMAP Dih.
    5.01905e+03    1.33445e+04    1.50656e+04    7.76570e+02   -3.94349e+02
          LJ-14     Coulomb-14        LJ (SR)   Coulomb (SR)   Coul. recip.
    4.42501e+03    5.56816e+04    8.07840e+04   -1.03200e+06    2.98497e+03
 Position Rest.      Potential    Kinetic En.   Total Energy  Conserved En.
    7.56137e+00   -8.54303e+05    1.68220e+05   -6.86083e+05   -6.79528e+05
    Temperature Pressure (bar)   Constr. rmsd
    3.00699e+02    2.23304e+02    3.48467e-06

           Step           Time
           4500        9.00000

   Energies (kJ/mol)
           Bond            U-B    Proper Dih.  Improper Dih.      CMAP Dih.
    5.00703e+03    1.31837e+04    1.50830e+04    7.38102e+02   -4.60697e+02
          LJ-14     Coulomb-14        LJ (SR)   Coulomb (SR)   Coul. recip.
    4.32290e+03    5.59840e+04    7.90181e+04   -1.03106e+06    3.08655e+03
 Position Rest.      Potential    Kinetic En.   Total Energy  Conserved En.
    8.41404e+00   -8.55089e+05    1.66338e+05   -6.88751e+05   -6.79515e+05
    Temperature Pressure (bar)   Constr. rmsd
    2.97335e+02    1.30717e+01    3.69183e-06

           Step           Time
           5000       10.00000

   Energies (kJ/mol)
           Bond            U-B    Proper Dih.  Improper Dih.      CMAP Dih.
    4.71431e+03    1.31073e+04    1.50688e+04    8.44667e+02   -4.08338e+02
          LJ-14     Coulomb-14        LJ (SR)   Coulomb (SR)   Coul. recip.
    4.37798e+03    5.58684e+04    7.71629e+04   -1.02989e+06    3.08534e+03
 Position Rest.      Potential    Kinetic En.   Total Energy  Conserved En.
    7.72249e+00   -8.56064e+05    1.68172e+05   -6.87892e+05   -6.79509e+05
    Temperature Pressure (bar)   Constr. rmsd
    3.00613e+02   -1.14891e+02    3.56918e-06

           Step           Time
           5500       11.00000

   Energies (kJ/mol)
           Bond            U-B    Proper Dih.  Improper Dih.      CMAP Dih.
    4.78933e+03    1.31305e+04    1.49511e+04    7.74221e+02   -4.66673e+02
          LJ-14     Coulomb-14        LJ (SR)   Coulomb (SR)   Coul. recip.
    4.31975e+03    5.60938e+04    7.87612e+04   -1.03123e+06    3.10290e+03
 Position Rest.      Potential    Kinetic En.   Total Energy  Conserved En.
    1.07178e+01   -8.55767e+05    1.66833e+05   -6.88934e+05   -6.79498e+05
    Temperature Pressure (bar)   Constr. rmsd
    2.98220e+02    2.12126e+01    3.59590e-06

           Step           Time
           6000       12.00000

   Energies (kJ/mol)
           Bond            U-B    Proper Dih.  Improper Dih.      CMAP Dih.
    4.59512e+03    1.37970e+04    1.49916e+04    8.22755e+02   -4.53892e+02
          LJ-14     Coulomb-14        LJ (SR)   Coulomb (SR)   Coul. recip.
    4.40268e+03    5.61937e+04    7.82713e+04   -1.02999e+06    3.09354e+03
 Position Rest.      Potential    Kinetic En.   Total Energy  Conserved En.
    5.63706e+00   -8.54267e+05    1.68386e+05   -6.85881e+05   -6.79467e+05
    Temperature Pressure (bar)   Constr. rmsd
    3.00996e+02   -9.65180e+00    3.55363e-06

           Step           Time
           6500       13.00000

   Energies (kJ/mol)
           Bond            U-B    Proper Dih.  Improper Dih.      CMAP Dih.
    4.77164e+03    1.30280e+04    1.51175e+04    7.70751e+02   -4.04829e+02
          LJ-14     Coulomb-14        LJ (SR)   Coulomb (SR)   Coul. recip.
    4.39257e+03    5.63931e+04    7.89091e+04   -1.03305e+06    2.95944e+03
 Position Rest.      Potential    Kinetic En.   Total Energy  Conserved En.
    7.72765e+00   -8.57108e+05    1.67545e+05   -6.89563e+05   -6.79449e+05
    Temperature Pressure (bar)   Constr. rmsd
    2.99492e+02   -8.80015e+01    3.60819e-06

           Step           Time
           7000       14.00000

   Energies (kJ/mol)
           Bond            U-B    Proper Dih.  Improper Dih.      CMAP Dih.
    4.87513e+03    1.33976e+04    1.49473e+04    8.13848e+02   -5.04806e+02
          LJ-14     Coulomb-14        LJ (SR)   Coulomb (SR)   Coul. recip.
    4.30526e+03    5.59878e+04    7.76549e+04   -1.03047e+06    3.04931e+03
 Position Rest.      Potential    Kinetic En.   Total Energy  Conserved En.
    7.11974e+00   -8.55940e+05    1.67832e+05   -6.88108e+05   -6.79434e+05
    Temperature Pressure (bar)   Constr. rmsd
    3.00005e+02   -7.64116e+01    3.52493e-06

           Step           Time
           7500       15.00000

   Energies (kJ/mol)
           Bond            U-B    Proper Dih.  Improper Dih.      CMAP Dih.
    4.67612e+03    1.32939e+04    1.51512e+04    7.72551e+02   -3.80426e+02
          LJ-14     Coulomb-14        LJ (SR)   Coulomb (SR)   Coul. recip.
    4.31554e+03    5.60985e+04    7.87361e+04   -1.03068e+06    3.10354e+03
 Position Rest.      Potential    Kinetic En.   Total Energy  Conserved En.
    9.76410e+00   -8.54908e+05    1.68906e+05   -6.86003e+05   -6.79443e+05
    Temperature Pressure (bar)   Constr. rmsd
    3.01924e+02    6.42635e+01    3.56757e-06

           Step           Time
           8000       16.00000

   Energies (kJ/mol)
           Bond            U-B    Proper Dih.  Improper Dih.      CMAP Dih.
    4.57299e+03    1.34992e+04    1.49406e+04    7.91808e+02   -4.21320e+02
          LJ-14     Coulomb-14        LJ (SR)   Coulomb (SR)   Coul. recip.
    4.40796e+03    5.64145e+04    7.60453e+04   -1.02945e+06    3.04785e+03
 Position Rest.      Potential    Kinetic En.   Total Energy  Conserved En.
    5.78822e+00   -8.56144e+05    1.68352e+05   -6.87793e+05   -6.79420e+05
    Temperature Pressure (bar)   Constr. rmsd
    3.00934e+02   -1.47491e+02    3.49641e-06

           Step           Time
           8500       17.00000

   Energies (kJ/mol)
           Bond            U-B    Proper Dih.  Improper Dih.      CMAP Dih.
    5.03219e+03    1.35055e+04    1.49896e+04    7.28509e+02   -4.07261e+02
          LJ-14     Coulomb-14        LJ (SR)   Coulomb (SR)   Coul. recip.
    4.37474e+03    5.54710e+04    7.90268e+04   -1.02961e+06    3.01633e+03
 Position Rest.      Potential    Kinetic En.   Total Energy  Conserved En.
    4.62680e+00   -8.53867e+05    1.67527e+05   -6.86340e+05   -6.79388e+05
    Temperature Pressure (bar)   Constr. rmsd
    2.99460e+02    9.16867e+00    3.48748e-06

           Step           Time
           9000       18.00000

   Energies (kJ/mol)
           Bond            U-B    Proper Dih.  Improper Dih.      CMAP Dih.
    4.97547e+03    1.35546e+04    1.49615e+04    7.96104e+02   -4.09003e+02
          LJ-14     Coulomb-14        LJ (SR)   Coulomb (SR)   Coul. recip.
    4.38793e+03    5.58844e+04    7.95095e+04   -1.03070e+06    3.07784e+03
 Position Rest.      Potential    Kinetic En.   Total Energy  Conserved En.
    5.55571e+00   -8.53952e+05    1.67689e+05   -6.86263e+05   -6.79358e+05
    Temperature Pressure (bar)   Constr. rmsd
    2.99749e+02    6.97001e+01    3.42103e-06

           Step           Time
           9500       19.00000

   Energies (kJ/mol)
           Bond            U-B    Proper Dih.  Improper Dih.      CMAP Dih.
    4.78800e+03    1.31060e+04    1.51042e+04    8.36823e+02   -3.80774e+02
          LJ-14     Coulomb-14        LJ (SR)   Coulomb (SR)   Coul. recip.
    4.40963e+03    5.62984e+04    7.83346e+04   -1.02995e+06    3.09694e+03
 Position Rest.      Potential    Kinetic En.   Total Energy  Conserved En.
    1.84393e+01   -8.54336e+05    1.67361e+05   -6.86975e+05   -6.79350e+05
    Temperature Pressure (bar)   Constr. rmsd
    2.99163e+02    3.33791e+01    3.75220e-06

           Step           Time
          10000       20.00000

   Energies (kJ/mol)
           Bond            U-B    Proper Dih.  Improper Dih.      CMAP Dih.
    5.03719e+03    1.33530e+04    1.50577e+04    7.37808e+02   -4.53066e+02
          LJ-14     Coulomb-14        LJ (SR)   Coulomb (SR)   Coul. recip.
    4.39251e+03    5.59996e+04    7.85786e+04   -1.03120e+06    2.97981e+03
 Position Rest.      Potential    Kinetic En.   Total Energy  Conserved En.
    7.12669e+00   -8.55509e+05    1.67177e+05   -6.88332e+05   -6.79325e+05
    Temperature Pressure (bar)   Constr. rmsd
    2.98834e+02    3.04328e+01    3.46918e-06

           Step           Time
          10500       21.00000

   Energies (kJ/mol)
           Bond            U-B    Proper Dih.  Improper Dih.      CMAP Dih.
    4.76610e+03    1.32638e+04    1.50888e+04    7.87566e+02   -3.95569e+02
          LJ-14     Coulomb-14        LJ (SR)   Coulomb (SR)   Coul. recip.
    4.35582e+03    5.62112e+04    7.84870e+04   -1.03059e+06    3.19127e+03
 Position Rest.      Potential    Kinetic En.   Total Energy  Conserved En.
    7.26205e+00   -8.54828e+05    1.67383e+05   -6.87445e+05   -6.79332e+05
    Temperature Pressure (bar)   Constr. rmsd
    2.99202e+02   -1.87950e+01    3.57938e-06

           Step           Time
          11000       22.00000

   Energies (kJ/mol)
           Bond            U-B    Proper Dih.  Improper Dih.      CMAP Dih.
    4.69516e+03    1.32085e+04    1.50050e+04    8.00736e+02   -3.73123e+02
          LJ-14     Coulomb-14        LJ (SR)   Coulomb (SR)   Coul. recip.
    4.31948e+03    5.60124e+04    7.95198e+04   -1.03189e+06    3.02995e+03
 Position Rest.      Potential    Kinetic En.   Total Energy  Conserved En.
    7.16106e+00   -8.55664e+05    1.68124e+05   -6.87540e+05   -6.79323e+05
    Temperature Pressure (bar)   Constr. rmsd
    3.00527e+02   -2.77948e+00    3.83350e-06

           Step           Time
          11500       23.00000

   Energies (kJ/mol)
           Bond            U-B    Proper Dih.  Improper Dih.      CMAP Dih.
    4.80951e+03    1.34858e+04    1.50458e+04    7.86259e+02   -4.66825e+02
          LJ-14     Coulomb-14        LJ (SR)   Coulomb (SR)   Coul. recip.
    4.38786e+03    5.60224e+04    7.90638e+04   -1.03058e+06    3.12512e+03
 Position Rest.      Potential    Kinetic En.   Total Energy  Conserved En.
    1.21499e+01   -8.54313e+05    1.68010e+05   -6.86303e+05   -6.79323e+05
    Temperature Pressure (bar)   Constr. rmsd
    3.00324e+02    1.70522e+02    3.66127e-06

           Step           Time
          12000       24.00000

   Energies (kJ/mol)
           Bond            U-B    Proper Dih.  Improper Dih.      CMAP Dih.
    4.91225e+03    1.34658e+04    1.51111e+04    7.75296e+02   -3.89963e+02
          LJ-14     Coulomb-14        LJ (SR)   Coulomb (SR)   Coul. recip.
    4.33478e+03    5.58936e+04    7.92852e+04   -1.03179e+06    2.99758e+03
 Position Rest.      Potential    Kinetic En.   Total Energy  Conserved En.
    9.11479e+00   -8.55390e+05    1.67712e+05   -6.87678e+05   -6.79285e+05
    Temperature Pressure (bar)   Constr. rmsd
    2.99791e+02    5.04915e+01    3.66246e-06

           Step           Time
          12500       25.00000

   Energies (kJ/mol)
           Bond            U-B    Proper Dih.  Improper Dih.      CMAP Dih.
    4.60220e+03    1.29777e+04    1.49692e+04    7.24080e+02   -3.57395e+02
          LJ-14     Coulomb-14        LJ (SR)   Coulomb (SR)   Coul. recip.
    4.39179e+03    5.65491e+04    7.95914e+04   -1.03386e+06    3.14763e+03
 Position Rest.      Potential    Kinetic En.   Total Energy  Conserved En.
    2.85581e+00   -8.57261e+05    1.68643e+05   -6.88618e+05   -6.79300e+05
    Temperature Pressure (bar)   Constr. rmsd
    3.01455e+02    1.53387e+00    3.51837e-06

           Step           Time
          13000       26.00000

   Energies (kJ/mol)
           Bond            U-B    Proper Dih.  Improper Dih.      CMAP Dih.
    4.84979e+03    1.31137e+04    1.49536e+04    7.96594e+02   -3.89848e+02
          LJ-14     Coulomb-14        LJ (SR)   Coulomb (SR)   Coul. recip.
    4.42716e+03    5.61503e+04    8.00448e+04   -1.03334e+06    2.96883e+03
 Position Rest.      Potential    Kinetic En.   Total Energy  Conserved En.
    6.47255e+00   -8.56417e+05    1.68437e+05   -6.87980e+05   -6.79260e+05
    Temperature Pressure (bar)   Constr. rmsd
    3.01086e+02    4.07242e+01    3.45255e-06

           Step           Time
          13500       27.00000

   Energies (kJ/mol)
           Bond            U-B    Proper Dih.  Improper Dih.      CMAP Dih.
    4.89363e+03    1.32810e+04    1.52091e+04    7.92186e+02   -3.85734e+02
          LJ-14     Coulomb-14        LJ (SR)   Coulomb (SR)   Coul. recip.
    4.30085e+03    5.59191e+04    7.80946e+04   -1.03099e+06    2.97996e+03
 Position Rest.      Potential    Kinetic En.   Total Energy  Conserved En.
    6.01610e+00   -8.55898e+05    1.66626e+05   -6.89272e+05   -6.79221e+05
    Temperature Pressure (bar)   Constr. rmsd
    2.97849e+02   -1.85112e+02    3.56192e-06

           Step           Time
          14000       28.00000

   Energies (kJ/mol)
           Bond            U-B    Proper Dih.  Improper Dih.      CMAP Dih.
    4.82473e+03    1.29806e+04    1.51072e+04    7.57623e+02   -3.31162e+02
          LJ-14     Coulomb-14        LJ (SR)   Coulomb (SR)   Coul. recip.
    4.35517e+03    5.61235e+04    7.79046e+04   -1.03018e+06    3.04073e+03
 Position Rest.      Potential    Kinetic En.   Total Energy  Conserved En.
    6.12144e+00   -8.55415e+05    1.67664e+05   -6.87751e+05   -6.79244e+05
    Temperature Pressure (bar)   Constr. rmsd
    2.99705e+02   -1.18876e+02    3.53303e-06

           Step           Time
          14500       29.00000

   Energies (kJ/mol)
           Bond            U-B    Proper Dih.  Improper Dih.      CMAP Dih.
    4.68912e+03    1.32667e+04    1.50347e+04    8.12963e+02   -3.93547e+02
          LJ-14     Coulomb-14        LJ (SR)   Coulomb (SR)   Coul. recip.
    4.31014e+03    5.60484e+04    8.01758e+04   -1.03260e+06    3.14386e+03
 Position Rest.      Potential    Kinetic En.   Total Energy  Conserved En.
    6.87425e+00   -8.55500e+05    1.67205e+05   -6.88295e+05   -6.79204e+05
    Temperature Pressure (bar)   Constr. rmsd
    2.98885e+02    3.88118e+01    3.49063e-06

           Step           Time
          15000       30.00000

   Energies (kJ/mol)
           Bond            U-B    Proper Dih.  Improper Dih.      CMAP Dih.
    4.85274e+03    1.32630e+04    1.52046e+04    7.83617e+02   -3.94936e+02
          LJ-14     Coulomb-14        LJ (SR)   Coulomb (SR)   Coul. recip.
    4.32489e+03    5.61424e+04    7.79679e+04   -1.03049e+06    3.00510e+03
 Position Rest.      Potential    Kinetic En.   Total Energy  Conserved En.
    2.67954e+00   -8.55335e+05    1.68226e+05   -6.87109e+05   -6.79171e+05
    Temperature Pressure (bar)   Constr. rmsd
    3.00710e+02   -9.96511e+01    3.45725e-06

           Step           Time
          15500       31.00000

   Energies (kJ/mol)
           Bond            U-B    Proper Dih.  Improper Dih.      CMAP Dih.
    4.72997e+03    1.30494e+04    1.49115e+04    7.21802e+02   -3.82146e+02
          LJ-14     Coulomb-14        LJ (SR)   Coulomb (SR)   Coul. recip.
    4.33759e+03    5.61516e+04    7.91723e+04   -1.03240e+06    3.03876e+03
 Position Rest.      Potential    Kinetic En.   Total Energy  Conserved En.
    3.45804e+00   -8.56662e+05    1.67776e+05   -6.88886e+05   -6.79217e+05
    Temperature Pressure (bar)   Constr. rmsd
    2.99904e+02    8.50504e+00    3.56092e-06

           Step           Time
          16000       32.00000

   Energies (kJ/mol)
           Bond            U-B    Proper Dih.  Improper Dih.      CMAP Dih.
    4.69881e+03    1.28780e+04    1.50293e+04    8.29769e+02   -3.99266e+02
          LJ-14     Coulomb-14        LJ (SR)   Coulomb (SR)   Coul. recip.
    4.42901e+03    5.63806e+04    7.68899e+04   -1.03019e+06    3.09498e+03
 Position Rest.      Potential    Kinetic En.   Total Energy  Conserved En.
    6.34783e+00   -8.56350e+05    1.65605e+05   -6.90745e+05   -6.79120e+05
    Temperature Pressure (bar)   Constr. rmsd
    2.96024e+02   -1.24687e+02    3.38370e-06

           Step           Time
          16500       33.00000

   Energies (kJ/mol)
           Bond            U-B    Proper Dih.  Improper Dih.      CMAP Dih.
    4.72475e+03    1.31304e+04    1.50238e+04    7.75895e+02   -4.41500e+02
          LJ-14     Coulomb-14        LJ (SR)   Coulomb (SR)   Coul. recip.
    4.49393e+03    5.61919e+04    7.91024e+04   -1.03022e+06    3.10061e+03
 Position Rest.      Potential    Kinetic En.   Total Energy  Conserved En.
    5.17008e+00   -8.54115e+05    1.68423e+05   -6.85692e+05   -6.79174e+05
    Temperature Pressure (bar)   Constr. rmsd
    3.01062e+02    1.67928e+02    3.65415e-06

           Step           Time
          17000       34.00000

   Energies (kJ/mol)
           Bond            U-B    Proper Dih.  Improper Dih.      CMAP Dih.
    4.95617e+03    1.35792e+04    1.50537e+04    7.91694e+02   -3.75477e+02
          LJ-14     Coulomb-14        LJ (SR)   Coulomb (SR)   Coul. recip.
    4.21196e+03    5.60298e+04    7.74550e+04   -1.02874e+06    3.12394e+03
 Position Rest.      Potential    Kinetic En.   Total Energy  Conserved En.
    1.02680e+01   -8.53900e+05    1.68664e+05   -6.85237e+05   -6.79136e+05
    Temperature Pressure (bar)   Constr. rmsd
    3.01492e+02   -1.44166e+02    3.67688e-06

           Step           Time
          17500       35.00000

   Energies (kJ/mol)
           Bond            U-B    Proper Dih.  Improper Dih.      CMAP Dih.
    4.83380e+03    1.31277e+04    1.49530e+04    7.94351e+02   -4.18295e+02
          LJ-14     Coulomb-14        LJ (SR)   Coulomb (SR)   Coul. recip.
    4.31674e+03    5.63757e+04    7.83575e+04   -1.03170e+06    3.07877e+03
 Position Rest.      Potential    Kinetic En.   Total Energy  Conserved En.
    5.66455e+00   -8.56278e+05    1.67440e+05   -6.88838e+05   -6.79102e+05
    Temperature Pressure (bar)   Constr. rmsd
    2.99304e+02   -6.68608e+01    3.45903e-06

           Step           Time
          18000       36.00000

   Energies (kJ/mol)
           Bond            U-B    Proper Dih.  Improper Dih.      CMAP Dih.
    4.70869e+03    1.33310e+04    1.50907e+04    7.57152e+02   -3.81374e+02
          LJ-14     Coulomb-14        LJ (SR)   Coulomb (SR)   Coul. recip.
    4.42860e+03    5.62086e+04    7.79048e+04   -1.03001e+06    3.09002e+03
 Position Rest.      Potential    Kinetic En.   Total Energy  Conserved En.
    5.85836e+00   -8.54862e+05    1.68554e+05   -6.86308e+05   -6.79083e+05
    Temperature Pressure (bar)   Constr. rmsd
    3.01296e+02   -5.84889e+01    3.55946e-06

           Step           Time
          18500       37.00000

   Energies (kJ/mol)
           Bond            U-B    Proper Dih.  Improper Dih.      CMAP Dih.
    4.84433e+03    1.33884e+04    1.50238e+04    8.00980e+02   -4.16086e+02
          LJ-14     Coulomb-14        LJ (SR)   Coulomb (SR)   Coul. recip.
    4.23884e+03    5.58341e+04    7.73351e+04   -1.02993e+06    3.01586e+03
 Position Rest.      Potential    Kinetic En.   Total Energy  Conserved En.
    8.87211e+00   -8.55858e+05    1.67266e+05   -6.88592e+05   -6.79057e+05
    Temperature Pressure (bar)   Constr. rmsd
    2.98994e+02   -2.59098e+02    3.68424e-06

           Step           Time
          19000       38.00000

   Energies (kJ/mol)
           Bond            U-B    Proper Dih.  Improper Dih.      CMAP Dih.
    4.91638e+03    1.34582e+04    1.50003e+04    7.88737e+02   -4.04575e+02
          LJ-14     Coulomb-14        LJ (SR)   Coulomb (SR)   Coul. recip.
    4.28519e+03    5.59954e+04    7.87113e+04   -1.03194e+06    3.08746e+03
 Position Rest.      Potential    Kinetic En.   Total Energy  Conserved En.
    9.85802e+00   -8.56094e+05    1.68335e+05   -6.87759e+05   -6.79045e+05
    Temperature Pressure (bar)   Constr. rmsd
    3.00904e+02   -1.16490e+02    3.70922e-06

           Step           Time
          19500       39.00000

   Energies (kJ/mol)
           Bond            U-B    Proper Dih.  Improper Dih.      CMAP Dih.
    4.92961e+03    1.34489e+04    1.50256e+04    7.44376e+02   -4.57570e+02
          LJ-14     Coulomb-14        LJ (SR)   Coulomb (SR)   Coul. recip.
    4.37133e+03    5.61776e+04    7.83853e+04   -1.03114e+06    2.98996e+03
 Position Rest.      Potential    Kinetic En.   Total Energy  Conserved En.
    4.49899e+00   -8.55520e+05    1.68990e+05   -6.86531e+05   -6.79039e+05
    Temperature Pressure (bar)   Constr. rmsd
    3.02074e+02   -5.79856e+01    3.74825e-06

           Step           Time
          20000       40.00000

   Energies (kJ/mol)
           Bond            U-B    Proper Dih.  Improper Dih.      CMAP Dih.
    4.98636e+03    1.34243e+04    1.51062e+04    8.27357e+02   -4.22389e+02
          LJ-14     Coulomb-14        LJ (SR)   Coulomb (SR)   Coul. recip.
    4.32184e+03    5.62252e+04    7.79144e+04   -1.02932e+06    2.95086e+03
 Position Rest.      Potential    Kinetic En.   Total Energy  Conserved En.
    4.48784e+00   -8.53985e+05    1.69847e+05   -6.84138e+05   -6.79026e+05
    Temperature Pressure (bar)   Constr. rmsd
    3.03606e+02   -1.19543e+02    3.68142e-06

           Step           Time
          20500       41.00000

   Energies (kJ/mol)
           Bond            U-B    Proper Dih.  Improper Dih.      CMAP Dih.
    4.87863e+03    1.34028e+04    1.50382e+04    8.24482e+02   -3.20027e+02
          LJ-14     Coulomb-14        LJ (SR)   Coulomb (SR)   Coul. recip.
    4.28797e+03    5.60547e+04    7.86742e+04   -1.03023e+06    3.11435e+03
 Position Rest.      Potential    Kinetic En.   Total Energy  Conserved En.
    7.43333e+00   -8.54271e+05    1.66839e+05   -6.87433e+05   -6.79004e+05
    Temperature Pressure (bar)   Constr. rmsd
    2.98230e+02    7.23210e+01    3.45939e-06

           Step           Time
          21000       42.00000

   Energies (kJ/mol)
           Bond            U-B    Proper Dih.  Improper Dih.      CMAP Dih.
    4.78916e+03    1.32411e+04    1.51151e+04    7.62954e+02   -3.87814e+02
          LJ-14     Coulomb-14        LJ (SR)   Coulomb (SR)   Coul. recip.
    4.43158e+03    5.59232e+04    7.93085e+04   -1.03110e+06    3.05272e+03
 Position Rest.      Potential    Kinetic En.   Total Energy  Conserved En.
    5.15484e+00   -8.54861e+05    1.68806e+05   -6.86056e+05   -6.78999e+05
    Temperature Pressure (bar)   Constr. rmsd
    3.01746e+02    6.95040e+01    3.70761e-06

           Step           Time
          21500       43.00000

   Energies (kJ/mol)
           Bond            U-B    Proper Dih.  Improper Dih.      CMAP Dih.
    4.65392e+03    1.33685e+04    1.52560e+04    7.76094e+02   -4.34779e+02
          LJ-14     Coulomb-14        LJ (SR)   Coulomb (SR)   Coul. recip.
    4.45597e+03    5.60704e+04    7.97239e+04   -1.03148e+06    3.07084e+03
 Position Rest.      Potential    Kinetic En.   Total Energy  Conserved En.
    8.07926e+00   -8.54530e+05    1.68871e+05   -6.85658e+05   -6.79005e+05
    Temperature Pressure (bar)   Constr. rmsd
    3.01863e+02    2.22235e+02    3.42622e-06

           Step           Time
          22000       44.00000

   Energies (kJ/mol)
           Bond            U-B    Proper Dih.  Improper Dih.      CMAP Dih.
    4.82692e+03    1.33433e+04    1.51002e+04    8.15877e+02   -3.81095e+02
          LJ-14     Coulomb-14        LJ (SR)   Coulomb (SR)   Coul. recip.
    4.34163e+03    5.60879e+04    7.91107e+04   -1.03072e+06    3.05855e+03
 Position Rest.      Potential    Kinetic En.   Total Energy  Conserved En.
    4.39985e+00   -8.54413e+05    1.69345e+05   -6.85067e+05   -6.79001e+05
    Temperature Pressure (bar)   Constr. rmsd
    3.02710e+02    6.24729e+01    3.61110e-06

           Step           Time
          22500       45.00000

   Energies (kJ/mol)
           Bond            U-B    Proper Dih.  Improper Dih.      CMAP Dih.
    4.74743e+03    1.28234e+04    1.51174e+04    8.13708e+02   -4.48736e+02
          LJ-14     Coulomb-14        LJ (SR)   Coulomb (SR)   Coul. recip.
    4.35596e+03    5.62190e+04    7.83771e+04   -1.03250e+06    3.08739e+03
 Position Rest.      Potential    Kinetic En.   Total Energy  Conserved En.
    9.73722e+00   -8.57393e+05    1.67000e+05   -6.90392e+05   -6.78939e+05
    Temperature Pressure (bar)   Constr. rmsd
    2.98519e+02   -9.00532e+01    3.30073e-06

           Step           Time
          23000       46.00000

   Energies (kJ/mol)
           Bond            U-B    Proper Dih.  Improper Dih.      CMAP Dih.
    4.85557e+03    1.33864e+04    1.50578e+04    8.13782e+02   -4.30011e+02
          LJ-14     Coulomb-14        LJ (SR)   Coulomb (SR)   Coul. recip.
    4.35181e+03    5.62574e+04    7.93672e+04   -1.03156e+06    3.08791e+03
 Position Rest.      Potential    Kinetic En.   Total Energy  Conserved En.
    6.85808e+00   -8.54807e+05    1.67258e+05   -6.87550e+05   -6.78935e+05
    Temperature Pressure (bar)   Constr. rmsd
    2.98978e+02    5.55247e+01    3.60471e-06

           Step           Time
          23500       47.00000

   Energies (kJ/mol)
           Bond            U-B    Proper Dih.  Improper Dih.      CMAP Dih.
    4.87780e+03    1.35034e+04    1.50015e+04    7.82643e+02   -4.13995e+02
          LJ-14     Coulomb-14        LJ (SR)   Coulomb (SR)   Coul. recip.
    4.28095e+03    5.59095e+04    7.87212e+04   -1.03070e+06    3.10522e+03
 Position Rest.      Potential    Kinetic En.   Total Energy  Conserved En.
    1.98030e+00   -8.54934e+05    1.67226e+05   -6.87708e+05   -6.78907e+05
    Temperature Pressure (bar)   Constr. rmsd
    2.98921e+02   -7.49080e+00    3.52412e-06

           Step           Time
          24000       48.00000

   Energies (kJ/mol)
           Bond            U-B    Proper Dih.  Improper Dih.      CMAP Dih.
    4.92211e+03    1.33052e+04    1.49705e+04    7.76007e+02   -4.55596e+02
          LJ-14     Coulomb-14        LJ (SR)   Coulomb (SR)   Coul. recip.
    4.37880e+03    5.62006e+04    7.64444e+04   -1.02988e+06    3.02087e+03
 Position Rest.      Potential    Kinetic En.   Total Energy  Conserved En.
    6.09011e+00   -8.56309e+05    1.67286e+05   -6.89023e+05   -6.78871e+05
    Temperature Pressure (bar)   Constr. rmsd
    2.99029e+02   -1.43233e+02    3.71179e-06

           Step           Time
          24500       49.00000

   Energies (kJ/mol)
           Bond            U-B    Proper Dih.  Improper Dih.      CMAP Dih.
    4.64575e+03    1.34957e+04    1.49517e+04    8.42302e+02   -4.34788e+02
          LJ-14     Coulomb-14        LJ (SR)   Coulomb (SR)   Coul. recip.
    4.37960e+03    5.60680e+04    7.81957e+04   -1.03092e+06    2.99005e+03
 Position Rest.      Potential    Kinetic En.   Total Energy  Conserved En.
    2.78939e+00   -8.55786e+05    1.67976e+05   -6.87810e+05   -6.78872e+05
    Temperature Pressure (bar)   Constr. rmsd
    3.00263e+02    4.82248e+01    3.53979e-06

           Step           Time
          25000       50.00000

   Energies (kJ/mol)
           Bond            U-B    Proper Dih.  Improper Dih.      CMAP Dih.
    4.98308e+03    1.33787e+04    1.49486e+04    7.34751e+02   -3.51664e+02
          LJ-14     Coulomb-14        LJ (SR)   Coulomb (SR)   Coul. recip.
    4.42550e+03    5.62728e+04    7.88615e+04   -1.03141e+06    2.99408e+03
 Position Rest.      Potential    Kinetic En.   Total Energy  Conserved En.
    7.56670e+00   -8.55154e+05    1.68365e+05   -6.86788e+05   -6.78869e+05
    Temperature Pressure (bar)   Constr. rmsd
    3.00958e+02    9.51532e-01    3.50845e-06

           Step           Time
          25500       51.00000

   Energies (kJ/mol)
           Bond            U-B    Proper Dih.  Improper Dih.      CMAP Dih.
    4.83748e+03    1.32983e+04    1.50341e+04    7.75125e+02   -4.00824e+02
          LJ-14     Coulomb-14        LJ (SR)   Coulomb (SR)   Coul. recip.
    4.40969e+03    5.59112e+04    7.85423e+04   -1.03059e+06    3.10201e+03
 Position Rest.      Potential    Kinetic En.   Total Energy  Conserved En.
    8.51967e+00   -8.55073e+05    1.68793e+05   -6.86280e+05   -6.78838e+05
    Temperature Pressure (bar)   Constr. rmsd
    3.01724e+02    1.07064e+02    3.50183e-06

           Step           Time
          26000       52.00000

   Energies (kJ/mol)
           Bond            U-B    Proper Dih.  Improper Dih.      CMAP Dih.
    5.10378e+03    1.34263e+04    1.50949e+04    7.28578e+02   -4.94782e+02
          LJ-14     Coulomb-14        LJ (SR)   Coulomb (SR)   Coul. recip.
    4.21942e+03    5.56729e+04    7.90388e+04   -1.03174e+06    2.93290e+03
 Position Rest.      Potential    Kinetic En.   Total Energy  Conserved En.
    4.70383e+00   -8.56013e+05    1.68888e+05   -6.87126e+05   -6.78844e+05
    Temperature Pressure (bar)   Constr. rmsd
    3.01892e+02   -6.31504e+01    3.69931e-06

           Step           Time
          26500       53.00000

   Energies (kJ/mol)
           Bond            U-B    Proper Dih.  Improper Dih.      CMAP Dih.
    4.72668e+03    1.32154e+04    1.50789e+04    7.57073e+02   -4.97002e+02
          LJ-14     Coulomb-14        LJ (SR)   Coulomb (SR)   Coul. recip.
    4.38856e+03    5.62242e+04    7.84017e+04   -1.03165e+06    2.95044e+03
 Position Rest.      Potential    Kinetic En.   Total Energy  Conserved En.
    6.42505e+00   -8.56393e+05    1.67197e+05   -6.89196e+05   -6.78830e+05
    Temperature Pressure (bar)   Constr. rmsd
    2.98870e+02   -1.08007e+01    3.46509e-06

           Step           Time
          27000       54.00000

   Energies (kJ/mol)
           Bond            U-B    Proper Dih.  Improper Dih.      CMAP Dih.
    4.82011e+03    1.31160e+04    1.52527e+04    7.34954e+02   -3.78602e+02
          LJ-14     Coulomb-14        LJ (SR)   Coulomb (SR)   Coul. recip.
    4.36940e+03    5.59168e+04    7.91665e+04   -1.03146e+06    3.14558e+03
 Position Rest.      Potential    Kinetic En.   Total Energy  Conserved En.
    1.05941e+01   -8.55308e+05    1.66977e+05   -6.88331e+05   -6.78819e+05
    Temperature Pressure (bar)   Constr. rmsd
    2.98477e+02    1.39727e+02    3.55357e-06

           Step           Time
          27500       55.00000

   Energies (kJ/mol)
           Bond            U-B    Proper Dih.  Improper Dih.      CMAP Dih.
    4.62386e+03    1.32579e+04    1.52337e+04    7.89391e+02   -4.47951e+02
          LJ-14     Coulomb-14        LJ (SR)   Coulomb (SR)   Coul. recip.
    4.39381e+03    5.62137e+04    7.86729e+04   -1.03266e+06    3.05797e+03
 Position Rest.      Potential    Kinetic En.   Total Energy  Conserved En.
    6.84117e+00   -8.56854e+05    1.67130e+05   -6.89725e+05   -6.78782e+05
    Temperature Pressure (bar)   Constr. rmsd
    2.98750e+02   -1.44121e+01    3.50375e-06

           Step           Time
          28000       56.00000

   Energies (kJ/mol)
           Bond            U-B    Proper Dih.  Improper Dih.      CMAP Dih.
    4.72470e+03    1.32107e+04    1.48774e+04    7.85599e+02   -3.82386e+02
          LJ-14     Coulomb-14        LJ (SR)   Coulomb (SR)   Coul. recip.
    4.32220e+03    5.60403e+04    7.87034e+04   -1.03184e+06    3.06770e+03
 Position Rest.      Potential    Kinetic En.   Total Energy  Conserved En.
    4.25857e+00   -8.56488e+05    1.66525e+05   -6.89963e+05   -6.78755e+05
    Temperature Pressure (bar)   Constr. rmsd
    2.97669e+02   -6.11182e+01    3.69435e-06

           Step           Time
          28500       57.00000

   Energies (kJ/mol)
           Bond            U-B    Proper Dih.  Improper Dih.      CMAP Dih.
    4.69134e+03    1.34401e+04    1.51101e+04    7.82062e+02   -3.78226e+02
          LJ-14     Coulomb-14        LJ (SR)   Coulomb (SR)   Coul. recip.
    4.30512e+03    5.59582e+04    7.83272e+04   -1.03125e+06    3.11570e+03
 Position Rest.      Potential    Kinetic En.   Total Energy  Conserved En.
    1.34941e+01   -8.55880e+05    1.67287e+05   -6.88594e+05   -6.78749e+05
    Temperature Pressure (bar)   Constr. rmsd
    2.99031e+02    2.11759e+00    3.70504e-06

           Step           Time
          29000       58.00000

   Energies (kJ/mol)
           Bond            U-B    Proper Dih.  Improper Dih.      CMAP Dih.
    4.92968e+03    1.30563e+04    1.51406e+04    8.38949e+02   -3.82785e+02
          LJ-14     Coulomb-14        LJ (SR)   Coulomb (SR)   Coul. recip.
    4.24614e+03    5.57629e+04    7.75243e+04   -1.02940e+06    3.05527e+03
 Position Rest.      Potential    Kinetic En.   Total Energy  Conserved En.
    2.67454e+00   -8.55228e+05    1.68516e+05   -6.86712e+05   -6.78732e+05
    Temperature Pressure (bar)   Constr. rmsd
    3.01228e+02   -1.18046e+02    3.60201e-06

           Step           Time
          29500       59.00000

   Energies (kJ/mol)
           Bond            U-B    Proper Dih.  Improper Dih.      CMAP Dih.
    4.93154e+03    1.28801e+04    1.51407e+04    7.75985e+02   -4.40765e+02
          LJ-14     Coulomb-14        LJ (SR)   Coulomb (SR)   Coul. recip.
    4.29669e+03    5.62723e+04    7.96716e+04   -1.03089e+06    3.03203e+03
 Position Rest.      Potential    Kinetic En.   Total Energy  Conserved En.
    1.00207e+01   -8.54322e+05    1.68190e+05   -6.86133e+05   -6.78754e+05
    Temperature Pressure (bar)   Constr. rmsd
    3.00645e+02    8.54070e+01    3.53570e-06

           Step           Time
          30000       60.00000

   Energies (kJ/mol)
           Bond            U-B    Proper Dih.  Improper Dih.      CMAP Dih.
    4.98097e+03    1.31073e+04    1.50105e+04    8.16260e+02   -3.77766e+02
          LJ-14     Coulomb-14        LJ (SR)   Coulomb (SR)   Coul. recip.
    4.19827e+03    5.57450e+04    7.86398e+04   -1.03113e+06    3.09773e+03
 Position Rest.      Potential    Kinetic En.   Total Energy  Conserved En.
    3.27689e+00   -8.55913e+05    1.66162e+05   -6.89751e+05   -6.78707e+05
    Temperature Pressure (bar)   Constr. rmsd
    2.97019e+02   -1.00183e+02    3.41456e-06

           Step           Time
          30500       61.00000

   Energies (kJ/mol)
           Bond            U-B    Proper Dih.  Improper Dih.      CMAP Dih.
    4.81134e+03    1.33307e+04    1.49201e+04    7.22538e+02   -3.58759e+02
          LJ-14     Coulomb-14        LJ (SR)   Coulomb (SR)   Coul. recip.
    4.31181e+03    5.64226e+04    7.80054e+04   -1.03092e+06    3.08233e+03
 Position Rest.      Potential    Kinetic En.   Total Energy  Conserved En.
    3.44729e+00   -8.55665e+05    1.67601e+05   -6.88064e+05   -6.78722e+05
    Temperature Pressure (bar)   Constr. rmsd
    2.99592e+02   -6.05530e+01    3.61399e-06

           Step           Time
          31000       62.00000

   Energies (kJ/mol)
           Bond            U-B    Proper Dih.  Improper Dih.      CMAP Dih.
    4.80010e+03    1.33497e+04    1.49906e+04    8.26735e+02   -4.29642e+02
          LJ-14     Coulomb-14        LJ (SR)   Coulomb (SR)   Coul. recip.
    4.48395e+03    5.61808e+04    7.92909e+04   -1.03168e+06    2.99096e+03
 Position Rest.      Potential    Kinetic En.   Total Energy  Conserved En.
    9.83858e+00   -8.55188e+05    1.68681e+05   -6.86508e+05   -6.78681e+05
    Temperature Pressure (bar)   Constr. rmsd
    3.01522e+02    1.29810e+02    3.39396e-06

           Step           Time
          31500       63.00000

   Energies (kJ/mol)
           Bond            U-B    Proper Dih.  Improper Dih.      CMAP Dih.
    4.83035e+03    1.34631e+04    1.49976e+04    7.63077e+02   -3.77308e+02
          LJ-14     Coulomb-14        LJ (SR)   Coulomb (SR)   Coul. recip.
    4.25182e+03    5.59025e+04    7.86874e+04   -1.03009e+06    3.01942e+03
 Position Rest.      Potential    Kinetic En.   Total Energy  Conserved En.
    1.40765e+01   -8.54536e+05    1.67434e+05   -6.87103e+05   -6.78657e+05
    Temperature Pressure (bar)   Constr. rmsd
    2.99293e+02    8.01483e+01    3.51150e-06

           Step           Time
          32000       64.00000

   Energies (kJ/mol)
           Bond            U-B    Proper Dih.  Improper Dih.      CMAP Dih.
    4.84658e+03    1.30658e+04    1.50803e+04    8.28972e+02   -4.24299e+02
          LJ-14     Coulomb-14        LJ (SR)   Coulomb (SR)   Coul. recip.
    4.30025e+03    5.61134e+04    7.76386e+04   -1.02914e+06    3.06506e+03
 Position Rest.      Potential    Kinetic En.   Total Energy  Conserved En.
    8.22561e+00   -8.54615e+05    1.67784e+05   -6.86831e+05   -6.78644e+05
    Temperature Pressure (bar)   Constr. rmsd
    2.99920e+02   -1.53922e+02    3.46532e-06

           Step           Time
          32500       65.00000

   Energies (kJ/mol)
           Bond            U-B    Proper Dih.  Improper Dih.      CMAP Dih.
    4.79938e+03    1.31175e+04    1.50263e+04    7.84169e+02   -3.13705e+02
          LJ-14     Coulomb-14        LJ (SR)   Coulomb (SR)   Coul. recip.
    4.42805e+03    5.64707e+04    7.62844e+04   -1.02807e+06    2.96796e+03
 Position Rest.      Potential    Kinetic En.   Total Energy  Conserved En.
    9.23426e+00   -8.54498e+05    1.68515e+05   -6.85983e+05   -6.78610e+05
    Temperature Pressure (bar)   Constr. rmsd
    3.01225e+02   -1.85292e+02    3.53834e-06

           Step           Time
          33000       66.00000

   Energies (kJ/mol)
           Bond            U-B    Proper Dih.  Improper Dih.      CMAP Dih.
    4.72757e+03    1.31713e+04    1.50269e+04    7.34792e+02   -4.09764e+02
          LJ-14     Coulomb-14        LJ (SR)   Coulomb (SR)   Coul. recip.
    4.40343e+03    5.60097e+04    7.70660e+04   -1.02872e+06    3.07694e+03
 Position Rest.      Potential    Kinetic En.   Total Energy  Conserved En.
    1.53922e+01   -8.54902e+05    1.66813e+05   -6.88088e+05   -6.78573e+05
    Temperature Pressure (bar)   Constr. rmsd
    2.98184e+02   -1.56113e+02    3.43847e-06

           Step           Time
          33500       67.00000

   Energies (kJ/mol)
           Bond            U-B    Proper Dih.  Improper Dih.      CMAP Dih.
    4.74919e+03    1.31842e+04    1.49687e+04    8.02984e+02   -4.10080e+02
          LJ-14     Coulomb-14        LJ (SR)   Coulomb (SR)   Coul. recip.
    4.30698e+03    5.65031e+04    7.91095e+04   -1.03287e+06    3.03434e+03
 Position Rest.      Potential    Kinetic En.   Total Energy  Conserved En.
    8.07955e+00   -8.56615e+05    1.66727e+05   -6.89888e+05   -6.78613e+05
    Temperature Pressure (bar)   Constr. rmsd
    2.98030e+02    6.17125e+01    3.53086e-06

           Step           Time
          34000       68.00000

   Energies (kJ/mol)
           Bond            U-B    Proper Dih.  Improper Dih.      CMAP Dih.
    4.70959e+03    1.32273e+04    1.49465e+04    7.59188e+02   -4.06748e+02
          LJ-14     Coulomb-14        LJ (SR)   Coulomb (SR)   Coul. recip.
    4.37212e+03    5.63990e+04    7.70965e+04   -1.02859e+06    3.06183e+03
 Position Rest.      Potential    Kinetic En.   Total Energy  Conserved En.
    5.70746e+00   -8.54422e+05    1.67060e+05   -6.87362e+05   -6.78570e+05
    Temperature Pressure (bar)   Constr. rmsd
    2.98625e+02   -1.25763e+02    3.76888e-06

           Step           Time
          34500       69.00000

   Energies (kJ/mol)
           Bond            U-B    Proper Dih.  Improper Dih.      CMAP Dih.
    4.91145e+03    1.32813e+04    1.51351e+04    7.38283e+02   -4.38338e+02
          LJ-14     Coulomb-14        LJ (SR)   Coulomb (SR)   Coul. recip.
    4.31737e+03    5.63675e+04    7.80057e+04   -1.02998e+06    3.03580e+03
 Position Rest.      Potential    Kinetic En.   Total Energy  Conserved En.
    7.50413e+00   -8.54615e+05    1.68210e+05   -6.86405e+05   -6.78560e+05
    Temperature Pressure (bar)   Constr. rmsd
    3.00681e+02   -5.10898e+01    3.75656e-06

           Step           Time
          35000       70.00000

   Energies (kJ/mol)
           Bond            U-B    Proper Dih.  Improper Dih.      CMAP Dih.
    4.86412e+03    1.35007e+04    1.52213e+04    7.95985e+02   -4.50022e+02
          LJ-14     Coulomb-14        LJ (SR)   Coulomb (SR)   Coul. recip.
    4.33150e+03    5.61779e+04    7.86142e+04   -1.03064e+06    3.08665e+03
 Position Rest.      Potential    Kinetic En.   Total Energy  Conserved En.
    3.92554e+00   -8.54498e+05    1.67303e+05   -6.87196e+05   -6.78556e+05
    Temperature Pressure (bar)   Constr. rmsd
    2.99059e+02   -6.10275e+00    3.56059e-06

           Step           Time
          35500       71.00000

   Energies (kJ/mol)
           Bond            U-B    Proper Dih.  Improper Dih.      CMAP Dih.
    4.76795e+03    1.33541e+04    1.50131e+04    8.36598e+02   -4.41775e+02
          LJ-14     Coulomb-14        LJ (SR)   Coulomb (SR)   Coul. recip.
    4.37264e+03    5.60266e+04    7.89761e+04   -1.03089e+06    3.10817e+03
 Position Rest.      Potential    Kinetic En.   Total Energy  Conserved En.
    1.18655e+01   -8.54861e+05    1.67702e+05   -6.87159e+05   -6.78557e+05
    Temperature Pressure (bar)   Constr. rmsd
    2.99773e+02    8.37903e+01    3.59123e-06

           Step           Time
          36000       72.00000

   Energies (kJ/mol)
           Bond            U-B    Proper Dih.  Improper Dih.      CMAP Dih.
    4.82286e+03    1.32717e+04    1.51026e+04    8.21382e+02   -3.11597e+02
          LJ-14     Coulomb-14        LJ (SR)   Coulomb (SR)   Coul. recip.
    4.25857e+03    5.60430e+04    7.94538e+04   -1.03218e+06    3.11643e+03
 Position Rest.      Potential    Kinetic En.   Total Energy  Conserved En.
    1.31818e+01   -8.55589e+05    1.66340e+05   -6.89250e+05   -6.78530e+05
    Temperature Pressure (bar)   Constr. rmsd
    2.97337e+02    1.01816e+02    3.54658e-06

           Step           Time
          36500       73.00000

   Energies (kJ/mol)
           Bond            U-B    Proper Dih.  Improper Dih.      CMAP Dih.
    4.74976e+03    1.32532e+04    1.51119e+04    8.11466e+02   -3.65224e+02
          LJ-14     Coulomb-14        LJ (SR)   Coulomb (SR)   Coul. recip.
    4.42485e+03    5.62380e+04    7.92256e+04   -1.03348e+06    3.03416e+03
 Position Rest.      Potential    Kinetic En.   Total Energy  Conserved En.
    4.96958e+00   -8.56990e+05    1.67176e+05   -6.89814e+05   -6.78519e+05
    Temperature Pressure (bar)   Constr. rmsd
    2.98832e+02    4.74628e+01    3.50963e-06

           Step           Time
          37000       74.00000

   Energies (kJ/mol)
           Bond            U-B    Proper Dih.  Improper Dih.      CMAP Dih.
    4.76941e+03    1.33083e+04    1.52208e+04    6.93537e+02   -3.82286e+02
          LJ-14     Coulomb-14        LJ (SR)   Coulomb (SR)   Coul. recip.
    4.34743e+03    5.62691e+04    7.89609e+04   -1.03123e+06    3.04380e+03
 Position Rest.      Potential    Kinetic En.   Total Energy  Conserved En.
    1.36376e+01   -8.54986e+05    1.67675e+05   -6.87310e+05   -6.78503e+05
    Temperature Pressure (bar)   Constr. rmsd
    2.99725e+02    1.43108e+02    3.64061e-06

           Step           Time
          37500       75.00000

   Energies (kJ/mol)
           Bond            U-B    Proper Dih.  Improper Dih.      CMAP Dih.
    4.93801e+03    1.33679e+04    1.50315e+04    8.02237e+02   -3.43315e+02
          LJ-14     Coulomb-14        LJ (SR)   Coulomb (SR)   Coul. recip.
    4.20350e+03    5.62158e+04    7.74131e+04   -1.02837e+06    3.09630e+03
 Position Rest.      Potential    Kinetic En.   Total Energy  Conserved En.
    2.92075e+00   -8.53644e+05    1.67424e+05   -6.86221e+05   -6.78502e+05
    Temperature Pressure (bar)   Constr. rmsd
    2.99275e+02   -1.36777e+02    3.53177e-06

           Step           Time
          38000       76.00000

   Energies (kJ/mol)
           Bond            U-B    Proper Dih.  Improper Dih.      CMAP Dih.
    4.87255e+03    1.34001e+04    1.52430e+04    7.72201e+02   -4.24282e+02
          LJ-14     Coulomb-14        LJ (SR)   Coulomb (SR)   Coul. recip.
    4.40610e+03    5.61551e+04    7.88991e+04   -1.03014e+06    3.13642e+03
 Position Rest.      Potential    Kinetic En.   Total Energy  Conserved En.
    1.58429e+01   -8.53662e+05    1.68108e+05   -6.85555e+05   -6.78487e+05
    Temperature Pressure (bar)   Constr. rmsd
    3.00498e+02    9.56176e+01    3.63888e-06

           Step           Time
          38500       77.00000

   Energies (kJ/mol)
           Bond            U-B    Proper Dih.  Improper Dih.      CMAP Dih.
    4.82242e+03    1.32694e+04    1.50970e+04    7.78198e+02   -3.70306e+02
          LJ-14     Coulomb-14        LJ (SR)   Coulomb (SR)   Coul. recip.
    4.32546e+03    5.61706e+04    7.80492e+04   -1.03103e+06    3.04226e+03
 Position Rest.      Potential    Kinetic En.   Total Energy  Conserved En.
    6.51820e+00   -8.55836e+05    1.67928e+05   -6.87909e+05   -6.78466e+05
    Temperature Pressure (bar)   Constr. rmsd
    3.00176e+02   -5.66189e+01    3.53978e-06

           Step           Time
          39000       78.00000

   Energies (kJ/mol)
           Bond            U-B    Proper Dih.  Improper Dih.      CMAP Dih.
    4.63901e+03    1.29911e+04    1.51434e+04    8.44610e+02   -3.66918e+02
          LJ-14     Coulomb-14        LJ (SR)   Coulomb (SR)   Coul. recip.
    4.31339e+03    5.60069e+04    7.88341e+04   -1.03224e+06    3.02316e+03
 Position Rest.      Potential    Kinetic En.   Total Energy  Conserved En.
    7.74255e+00   -8.56802e+05    1.66877e+05   -6.89925e+05   -6.78483e+05
    Temperature Pressure (bar)   Constr. rmsd
    2.98299e+02    3.99443e+01    3.68844e-06

           Step           Time
          39500       79.00000

   Energies (kJ/mol)
           Bond            U-B    Proper Dih.  Improper Dih.      CMAP Dih.
    4.78754e+03    1.34234e+04    1.50474e+04    7.60368e+02   -2.75085e+02
          LJ-14     Coulomb-14        LJ (SR)   Coulomb (SR)   Coul. recip.
    4.38028e+03    5.61188e+04    7.75765e+04   -1.02995e+06    3.03198e+03
 Position Rest.      Potential    Kinetic En.   Total Energy  Conserved En.
    9.88697e+00   -8.55086e+05    1.69319e+05   -6.85767e+05   -6.78439e+05
    Temperature Pressure (bar)   Constr. rmsd
    3.02663e+02   -2.83628e+01    3.58439e-06

           Step           Time
          40000       80.00000

   Energies (kJ/mol)
           Bond            U-B    Proper Dih.  Improper Dih.      CMAP Dih.
    4.86180e+03    1.29087e+04    1.50405e+04    8.17199e+02   -3.91908e+02
          LJ-14     Coulomb-14        LJ (SR)   Coulomb (SR)   Coul. recip.
    4.32307e+03    5.60183e+04    7.88422e+04   -1.03280e+06    3.09458e+03
 Position Rest.      Potential    Kinetic En.   Total Energy  Conserved En.
    8.00787e+00   -8.57275e+05    1.67948e+05   -6.89327e+05   -6.78433e+05
    Temperature Pressure (bar)   Constr. rmsd
    3.00212e+02   -2.89895e+01    3.54078e-06

           Step           Time
          40500       81.00000

   Energies (kJ/mol)
           Bond            U-B    Proper Dih.  Improper Dih.      CMAP Dih.
    4.84357e+03    1.32618e+04    1.50927e+04    7.47166e+02   -4.29048e+02
          LJ-14     Coulomb-14        LJ (SR)   Coulomb (SR)   Coul. recip.
    4.33277e+03    5.58651e+04    8.06904e+04   -1.03444e+06    3.10576e+03
 Position Rest.      Potential    Kinetic En.   Total Energy  Conserved En.
    1.27794e+01   -8.56913e+05    1.67357e+05   -6.89556e+05   -6.78431e+05
    Temperature Pressure (bar)   Constr. rmsd
    2.99157e+02    1.60277e+02    3.52027e-06

           Step           Time
          41000       82.00000

   Energies (kJ/mol)
           Bond            U-B    Proper Dih.  Improper Dih.      CMAP Dih.
    4.97200e+03    1.33749e+04    1.50163e+04    7.99188e+02   -4.87917e+02
          LJ-14     Coulomb-14        LJ (SR)   Coulomb (SR)   Coul. recip.
    4.34486e+03    5.59328e+04    7.85877e+04   -1.03090e+06    3.14263e+03
 Position Rest.      Potential    Kinetic En.   Total Energy  Conserved En.
    7.99829e+00   -8.55208e+05    1.66886e+05   -6.88322e+05   -6.78349e+05
    Temperature Pressure (bar)   Constr. rmsd
    2.98314e+02   -2.55056e+00    3.59930e-06

           Step           Time
          41500       83.00000

   Energies (kJ/mol)
           Bond            U-B    Proper Dih.  Improper Dih.      CMAP Dih.
    4.66587e+03    1.32910e+04    1.51029e+04    7.55840e+02   -4.58615e+02
          LJ-14     Coulomb-14        LJ (SR)   Coulomb (SR)   Coul. recip.
    4.28255e+03    5.63027e+04    7.80218e+04   -1.02989e+06    3.04986e+03
 Position Rest.      Potential    Kinetic En.   Total Energy  Conserved En.
    6.29108e+00   -8.54875e+05    1.67308e+05   -6.87567e+05   -6.78369e+05
    Temperature Pressure (bar)   Constr. rmsd
    2.99068e+02   -3.01273e+01    3.54170e-06

           Step           Time
          42000       84.00000

   Energies (kJ/mol)
           Bond            U-B    Proper Dih.  Improper Dih.      CMAP Dih.
    4.83943e+03    1.36358e+04    1.51837e+04    7.32472e+02   -3.25217e+02
          LJ-14     Coulomb-14        LJ (SR)   Coulomb (SR)   Coul. recip.
    4.36754e+03    5.62573e+04    7.90020e+04   -1.03138e+06    3.08070e+03
 Position Rest.      Potential    Kinetic En.   Total Energy  Conserved En.
    1.20383e+01   -8.54595e+05    1.68503e+05   -6.86092e+05   -6.78333e+05
    Temperature Pressure (bar)   Constr. rmsd
    3.01204e+02    9.82788e+01    3.66793e-06

           Step           Time
          42500       85.00000

   Energies (kJ/mol)
           Bond            U-B    Proper Dih.  Improper Dih.      CMAP Dih.
    4.71010e+03    1.32986e+04    1.50917e+04    7.58822e+02   -4.10085e+02
          LJ-14     Coulomb-14        LJ (SR)   Coulomb (SR)   Coul. recip.
    4.38997e+03    5.61107e+04    7.75160e+04   -1.02973e+06    2.97846e+03
 Position Rest.      Potential    Kinetic En.   Total Energy  Conserved En.
    4.59206e+00   -8.55281e+05    1.68071e+05   -6.87211e+05   -6.78328e+05
    Temperature Pressure (bar)   Constr. rmsd
    3.00432e+02   -2.59792e+01    3.70688e-06

           Step           Time
          43000       86.00000

   Energies (kJ/mol)
           Bond            U-B    Proper Dih.  Improper Dih.      CMAP Dih.
    4.75684e+03    1.32519e+04    1.52035e+04    8.23971e+02   -3.44709e+02
          LJ-14     Coulomb-14        LJ (SR)   Coulomb (SR)   Coul. recip.
    4.47191e+03    5.63617e+04    7.75652e+04   -1.02850e+06    3.09097e+03
 Position Rest.      Potential    Kinetic En.   Total Energy  Conserved En.
    5.72592e+00   -8.53309e+05    1.68593e+05   -6.84716e+05   -6.78346e+05
    Temperature Pressure (bar)   Constr. rmsd
    3.01365e+02    2.74070e+01    3.54558e-06

           Step           Time
          43500       87.00000

   Energies (kJ/mol)
           Bond            U-B    Proper Dih.  Improper Dih.      CMAP Dih.
    4.71842e+03    1.32203e+04    1.51760e+04    8.57763e+02   -5.12926e+02
          LJ-14     Coulomb-14        LJ (SR)   Coulomb (SR)   Coul. recip.
    4.46684e+03    5.60444e+04    7.84415e+04   -1.03087e+06    2.96143e+03
 Position Rest.      Potential    Kinetic En.   Total Energy  Conserved En.
    2.89258e+00   -8.55495e+05    1.67803e+05   -6.87692e+05   -6.78312e+05
    Temperature Pressure (bar)   Constr. rmsd
    2.99953e+02   -9.83300e+00    3.55567e-06

           Step           Time
          44000       88.00000

   Energies (kJ/mol)
           Bond            U-B    Proper Dih.  Improper Dih.      CMAP Dih.
    4.82066e+03    1.31118e+04    1.50879e+04    7.99502e+02   -3.97138e+02
          LJ-14     Coulomb-14        LJ (SR)   Coulomb (SR)   Coul. recip.
    4.31171e+03    5.63581e+04    7.97992e+04   -1.03277e+06    3.08180e+03
 Position Rest.      Potential    Kinetic En.   Total Energy  Conserved En.
    3.64906e+00   -8.55790e+05    1.67581e+05   -6.88209e+05   -6.78306e+05
    Temperature Pressure (bar)   Constr. rmsd
    2.99556e+02    1.30162e+02    3.66716e-06

           Step           Time
          44500       89.00000

   Energies (kJ/mol)
           Bond            U-B    Proper Dih.  Improper Dih.      CMAP Dih.
    4.69304e+03    1.33563e+04    1.48968e+04    8.13427e+02   -3.79556e+02
          LJ-14     Coulomb-14        LJ (SR)   Coulomb (SR)   Coul. recip.
    4.45595e+03    5.59902e+04    7.91151e+04   -1.03191e+06    3.02983e+03
 Position Rest.      Potential    Kinetic En.   Total Energy  Conserved En.
    9.78032e+00   -8.55932e+05    1.68018e+05   -6.87914e+05   -6.78288e+05
    Temperature Pressure (bar)   Constr. rmsd
    3.00337e+02    8.54195e+01    3.45198e-06

           Step           Time
          45000       90.00000

   Energies (kJ/mol)
           Bond            U-B    Proper Dih.  Improper Dih.      CMAP Dih.
    4.76702e+03    1.35973e+04    1.51229e+04    7.73535e+02   -4.33345e+02
          LJ-14     Coulomb-14        LJ (SR)   Coulomb (SR)   Coul. recip.
    4.36396e+03    5.58029e+04    7.85927e+04   -1.03124e+06    3.05861e+03
 Position Rest.      Potential    Kinetic En.   Total Energy  Conserved En.
    1.40784e+01   -8.55585e+05    1.67993e+05   -6.87592e+05   -6.78270e+05
    Temperature Pressure (bar)   Constr. rmsd
    3.00293e+02    1.30983e+01    3.57378e-06

           Step           Time
          45500       91.00000

   Energies (kJ/mol)
           Bond            U-B    Proper Dih.  Improper Dih.      CMAP Dih.
    4.84748e+03    1.30287e+04    1.50975e+04    7.49307e+02   -4.12427e+02
          LJ-14     Coulomb-14        LJ (SR)   Coulomb (SR)   Coul. recip.
    4.31720e+03    5.61544e+04    8.05639e+04   -1.03332e+06    3.07890e+03
 Position Rest.      Potential    Kinetic En.   Total Energy  Conserved En.
    4.23749e+00   -8.55889e+05    1.68686e+05   -6.87203e+05   -6.78293e+05
    Temperature Pressure (bar)   Constr. rmsd
    3.01532e+02    1.90580e+02    3.61105e-06

           Step           Time
          46000       92.00000

   Energies (kJ/mol)
           Bond            U-B    Proper Dih.  Improper Dih.      CMAP Dih.
    4.87247e+03    1.33245e+04    1.52011e+04    8.57178e+02   -2.89861e+02
          LJ-14     Coulomb-14        LJ (SR)   Coulomb (SR)   Coul. recip.
    4.32645e+03    5.58508e+04    7.95050e+04   -1.03191e+06    3.07083e+03
 Position Rest.      Potential    Kinetic En.   Total Energy  Conserved En.
    1.57056e+01   -8.55175e+05    1.67462e+05   -6.87713e+05   -6.78248e+05
    Temperature Pressure (bar)   Constr. rmsd
    2.99344e+02    7.74700e+01    3.76137e-06

           Step           Time
          46500       93.00000

   Energies (kJ/mol)
           Bond            U-B    Proper Dih.  Improper Dih.      CMAP Dih.
    4.75693e+03    1.31475e+04    1.50950e+04    8.10984e+02   -3.30137e+02
          LJ-14     Coulomb-14        LJ (SR)   Coulomb (SR)   Coul. recip.
    4.36384e+03    5.61721e+04    7.75001e+04   -1.03013e+06    3.11718e+03
 Position Rest.      Potential    Kinetic En.   Total Energy  Conserved En.
    4.27572e+00   -8.55497e+05    1.67712e+05   -6.87785e+05   -6.78220e+05
    Temperature Pressure (bar)   Constr. rmsd
    2.99791e+02   -4.39926e+01    3.65241e-06

           Step           Time
          47000       94.00000

   Energies (kJ/mol)
           Bond            U-B    Proper Dih.  Improper Dih.      CMAP Dih.
    4.61329e+03    1.30069e+04    1.49661e+04    7.87732e+02   -3.93831e+02
          LJ-14     Coulomb-14        LJ (SR)   Coulomb (SR)   Coul. recip.
    4.39285e+03    5.60777e+04    7.76093e+04   -1.02916e+06    3.04766e+03
 Position Rest.      Potential    Kinetic En.   Total Energy  Conserved En.
    5.07357e+00   -8.55045e+05    1.65754e+05   -6.89291e+05   -6.78206e+05
    Temperature Pressure (bar)   Constr. rmsd
    2.96291e+02   -2.63393e+01    3.43704e-06

           Step           Time
          47500       95.00000

   Energies (kJ/mol)
           Bond            U-B    Proper Dih.  Improper Dih.      CMAP Dih.
    5.01447e+03    1.31137e+04    1.51649e+04    8.23001e+02   -4.53817e+02
          LJ-14     Coulomb-14        LJ (SR)   Coulomb (SR)   Coul. recip.
    4.28824e+03    5.60896e+04    7.93076e+04   -1.03098e+06    3.07168e+03
 Position Rest.      Potential    Kinetic En.   Total Energy  Conserved En.
    3.63199e+00   -8.54554e+05    1.65995e+05   -6.88559e+05   -6.78160e+05
    Temperature Pressure (bar)   Constr. rmsd
    2.96721e+02   -3.23804e-01    3.66651e-06

           Step           Time
          48000       96.00000

   Energies (kJ/mol)
           Bond            U-B    Proper Dih.  Improper Dih.      CMAP Dih.
    4.81024e+03    1.35672e+04    1.50193e+04    7.31716e+02   -3.96366e+02
          LJ-14     Coulomb-14        LJ (SR)   Coulomb (SR)   Coul. recip.
    4.40236e+03    5.57851e+04    7.82588e+04   -1.03048e+06    3.11134e+03
 Position Rest.      Potential    Kinetic En.   Total Energy  Conserved En.
    2.66151e+00   -8.55189e+05    1.68097e+05   -6.87092e+05   -6.78157e+05
    Temperature Pressure (bar)   Constr. rmsd
    3.00479e+02   -4.78854e+00    3.67172e-06

           Step           Time
          48500       97.00000

   Energies (kJ/mol)
           Bond            U-B    Proper Dih.  Improper Dih.      CMAP Dih.
    4.88949e+03    1.33529e+04    1.50759e+04    7.51208e+02   -3.80270e+02
          LJ-14     Coulomb-14        LJ (SR)   Coulomb (SR)   Coul. recip.
    4.33870e+03    5.59211e+04    7.77846e+04   -1.03036e+06    3.08443e+03
 Position Rest.      Potential    Kinetic En.   Total Energy  Conserved En.
    3.32444e+00   -8.55534e+05    1.68921e+05   -6.86612e+05   -6.78180e+05
    Temperature Pressure (bar)   Constr. rmsd
    3.01952e+02    1.76652e+00    3.40333e-06

           Step           Time
          49000       98.00000

   Energies (kJ/mol)
           Bond            U-B    Proper Dih.  Improper Dih.      CMAP Dih.
    4.83778e+03    1.32336e+04    1.52425e+04    8.14917e+02   -4.28736e+02
          LJ-14     Coulomb-14        LJ (SR)   Coulomb (SR)   Coul. recip.
    4.39276e+03    5.62606e+04    7.70041e+04   -1.03055e+06    2.96219e+03
 Position Rest.      Potential    Kinetic En.   Total Energy  Conserved En.
    5.09923e+00   -8.56227e+05    1.68719e+05   -6.87508e+05   -6.78133e+05
    Temperature Pressure (bar)   Constr. rmsd
    3.01591e+02   -2.11310e+02    3.49042e-06

           Step           Time
          49500       99.00000

   Energies (kJ/mol)
           Bond            U-B    Proper Dih.  Improper Dih.      CMAP Dih.
    4.90862e+03    1.31070e+04    1.50394e+04    7.62077e+02   -3.94225e+02
          LJ-14     Coulomb-14        LJ (SR)   Coulomb (SR)   Coul. recip.
    4.36295e+03    5.59437e+04    7.82894e+04   -1.03102e+06    2.98194e+03
 Position Rest.      Potential    Kinetic En.   Total Energy  Conserved En.
    3.96833e+00   -8.56013e+05    1.68169e+05   -6.87844e+05   -6.78112e+05
    Temperature Pressure (bar)   Constr. rmsd
    3.00608e+02   -1.26118e+02    3.42236e-06

           Step           Time
          50000      100.00000

Writing checkpoint, step 50000 at Tue Mar 16 13:25:02 2021


   Energies (kJ/mol)
           Bond            U-B    Proper Dih.  Improper Dih.      CMAP Dih.
    4.88913e+03    1.33410e+04    1.51326e+04    8.12662e+02   -4.80753e+02
          LJ-14     Coulomb-14        LJ (SR)   Coulomb (SR)   Coul. recip.
    4.28395e+03    5.63885e+04    7.72613e+04   -1.02996e+06    2.99584e+03
 Position Rest.      Potential    Kinetic En.   Total Energy  Conserved En.
    2.68744e+00   -8.55336e+05    1.68376e+05   -6.86960e+05   -6.78113e+05
    Temperature Pressure (bar)   Constr. rmsd
    3.00978e+02   -1.03630e+02    3.60783e-06

	<======  ###############  ==>
	<====  A V E R A G E S  ====>
	<==  ###############  ======>

	Statistics over 50001 steps using 501 frames

   Energies (kJ/mol)
           Bond            U-B    Proper Dih.  Improper Dih.      CMAP Dih.
    4.81066e+03    1.32665e+04    1.50652e+04    7.82855e+02   -4.01175e+02
          LJ-14     Coulomb-14        LJ (SR)   Coulomb (SR)   Coul. recip.
    4.35414e+03    5.60978e+04    7.85429e+04   -1.03083e+06    3.06194e+03
 Position Rest.      Potential    Kinetic En.   Total Energy  Conserved En.
    7.38480e+00   -8.55245e+05    1.67822e+05   -6.87423e+05   -6.78877e+05
    Temperature Pressure (bar)   Constr. rmsd
    2.99987e+02   -1.58874e+01    0.00000e+00

          Box-X          Box-Y          Box-Z
    9.70780e+00    9.70780e+00    6.86446e+00

   Total Virial (kJ/mol)
    5.61171e+04    2.04541e+02   -5.20348e+02
    1.18426e+02    5.64517e+04   -1.29088e+01
   -2.36350e+02   -1.24657e+01    5.61941e+04

   Pressure (bar)
   -1.08622e+01   -1.02107e+01    2.75951e+01
   -5.78531e+00   -2.65310e+01    6.87446e-01
    1.29996e+01    6.64802e-01   -1.02689e+01

  T-Protein_PRFT-Water_and_ions
    2.99947e+02    2.99992e+02


	M E G A - F L O P S   A C C O U N T I N G

 NB=Group-cutoff nonbonded kernels    NxN=N-by-N cluster Verlet kernels
 RF=Reaction-Field  VdW=Van der Waals  QSTab=quadratic-spline table
 W3=SPC/TIP3p  W4=TIP4p (single or pairs)
 V&F=Potential and force  V=Potential only  F=Force only

 Computing:                               M-Number         M-Flops  % Flops
-----------------------------------------------------------------------------
 Pair Search distance check           22501.510684      202513.596     0.1
 NxN Ewald Elec. + LJ [F]           2925167.288656   228163048.515    94.9
 NxN Ewald Elec. + LJ [V&F]           29606.532576     3819242.702     1.6
 NxN Ewald Elec. [F]                  27391.712240     1670894.447     0.7
 NxN Ewald Elec. [V&F]                  277.450176       23305.815     0.0
 1,4 nonbonded interactions             753.815076       67843.357     0.0
 Calc Weights                          9876.947535      355570.111     0.1
 Spread Q Bspline                    210708.214080      421416.428     0.2
 Gather F Bspline                    210708.214080     1264249.284     0.5
 3D-FFT                              471868.637184     3774949.097     1.6
 Solve PME                              204.804096       13107.462     0.0
 Shift-X                                 41.218970         247.314     0.0
 Bonds                                  147.002940        8673.173     0.0
 Propers                                745.914918      170814.516     0.1
 Impropers                               47.750955        9932.199     0.0
 Pos. Restr.                              0.700014          35.001     0.0
 Virial                                 164.790890        2966.236     0.0
 Stop-CM                                 32.988345         329.883     0.0
 P-Coupling                             164.678345         988.070     0.0
 Calc-Ekin                              329.356690        8892.631     0.0
 Lincs                                  142.502850        8550.171     0.0
 Lincs-Mat                              760.215204        3040.861     0.0
 Constraint-V                          3290.765814       26326.127     0.0
 Constraint-Vir                         157.472964        3779.351     0.0
 Settle                                1001.920038      323620.172     0.1
 CMAP                                    17.650353       30005.600     0.0
 Urey-Bradley                           523.710474       95839.017     0.0
-----------------------------------------------------------------------------
 Total                                               240470181.137   100.0
-----------------------------------------------------------------------------


     R E A L   C Y C L E   A N D   T I M E   A C C O U N T I N G

On 1 MPI rank, each using 24 OpenMP threads

 Computing:          Num   Num      Call    Wall time         Giga-Cycles
                     Ranks Threads  Count      (s)         total sum    %
-----------------------------------------------------------------------------
 Neighbor search        1   24        626      13.225        823.276   1.9
 Force                  1   24      50001     527.638      32846.277  74.8
 PME mesh               1   24      50001     126.419       7869.812  17.9
 NB X/F buffer ops.     1   24      99376      18.608       1158.380   2.6
 Write traj.            1   24        101       0.809         50.356   0.1
 Update                 1   24      50001       6.822        424.656   1.0
 Constraints            1   24      50001      10.647        662.804   1.5
 Rest                                           1.608        100.078   0.2
-----------------------------------------------------------------------------
 Total                                        705.775      43935.640 100.0
-----------------------------------------------------------------------------
 Breakdown of PME mesh computation
-----------------------------------------------------------------------------
 PME spread             1   24      50001      54.329       3382.054   7.7
 PME gather             1   24      50001      38.429       2392.250   5.4
 PME 3D-FFT             1   24     100002      32.480       2021.921   4.6
 PME solve Elec         1   24      50001       1.038         64.616   0.1
-----------------------------------------------------------------------------

               Core t (s)   Wall t (s)        (%)
       Time:    16938.587      705.775     2400.0
                 (ns/day)    (hour/ns)
Performance:       12.242        1.960
Finished mdrun on rank 0 Tue Mar 16 13:25:02 2021

